<?xml version="1.0" encoding="UTF-8"?>
<!-- Generated by org.testng.reporters.JUnitReportReporter -->
<testsuite hostname="LAPTOP-BG1H6HQE" failures="0" tests="1" name="com.Jenkins.JenkinsCalculatorTest" time="0.014" errors="0" timestamp="22 Aug 2020 07:44:41 GMT" skipped="0">
  <testcase classname="com.Jenkins.JenkinsCalculatorTest" name="getTest" time="0.014"/>
</testsuite> <!-- com.Jenkins.JenkinsCalculatorTest -->
