<?xml version="1.0" encoding="UTF-8"?>
<!-- Generated by org.testng.reporters.JUnitReportReporter -->
<testsuite hostname="LAPTOP-BG1H6HQE" failures="0" tests="1" name="com.Jenkins.AppTest" time="0.002" errors="0" timestamp="22 Aug 2020 07:44:41 GMT" skipped="0">
  <testcase classname="com.Jenkins.AppTest" name="testApp" time="0.002"/>
</testsuite> <!-- com.Jenkins.AppTest -->
